[0.543s] DEBUG:colcon:Command line arguments: ['/usr/bin/colcon', 'build']
[0.544s] DEBUG:colcon:Parsed command line arguments: Namespace(log_base=None, log_level=None, verb_name='build', build_base='build', install_base='install', merge_install=False, symlink_install=False, test_result_base=None, continue_on_error=False, executor='parallel', parallel_workers=4, event_handlers=None, ignore_user_meta=False, metas=['./colcon.meta'], base_paths=['.'], packages_ignore=None, packages_ignore_regex=None, paths=None, packages_up_to=None, packages_up_to_regex=None, packages_above=None, packages_above_and_dependencies=None, packages_above_depth=None, packages_select_by_dep=None, packages_skip_by_dep=None, packages_skip_up_to=None, packages_select_build_failed=False, packages_skip_build_finished=False, packages_select_test_failures=False, packages_skip_test_passed=False, packages_select=None, packages_skip=None, packages_select_regex=None, packages_skip_regex=None, packages_start=None, packages_end=None, allow_overriding=[], cmake_args=None, cmake_target=None, cmake_target_skip_unavailable=False, cmake_clean_cache=False, cmake_clean_first=False, cmake_force_configure=False, ament_cmake_args=None, catkin_cmake_args=None, catkin_skip_building_tests=False, verb_parser=<colcon_defaults.argument_parser.defaults.DefaultArgumentsDecorator object at 0x75e9eb046cb0>, verb_extension=<colcon_core.verb.build.BuildVerb object at 0x75e9eb046740>, main=<bound method BuildVerb.main of <colcon_core.verb.build.BuildVerb object at 0x75e9eb046740>>)
[0.612s] Level 1:colcon.colcon_core.package_discovery:discover_packages(colcon_meta) check parameters
[0.613s] Level 1:colcon.colcon_core.package_discovery:discover_packages(recursive) check parameters
[0.613s] Level 1:colcon.colcon_core.package_discovery:discover_packages(ignore) check parameters
[0.613s] Level 1:colcon.colcon_core.package_discovery:discover_packages(path) check parameters
[0.613s] Level 1:colcon.colcon_core.package_discovery:discover_packages(colcon_meta) discover
[0.613s] Level 1:colcon.colcon_core.package_discovery:discover_packages(recursive) discover
[0.613s] INFO:colcon.colcon_core.package_discovery:Crawling recursively for packages in '/home/kalyani/ros2_arduino'
[0.613s] Level 1:colcon.colcon_core.package_identification:_identify(.) by extensions ['ignore', 'ignore_ament_install']
[0.613s] Level 1:colcon.colcon_core.package_identification:_identify(.) by extension 'ignore'
[0.613s] Level 1:colcon.colcon_core.package_identification:_identify(.) by extension 'ignore_ament_install'
[0.613s] Level 1:colcon.colcon_core.package_identification:_identify(.) by extensions ['colcon_pkg']
[0.613s] Level 1:colcon.colcon_core.package_identification:_identify(.) by extension 'colcon_pkg'
[0.613s] Level 1:colcon.colcon_core.package_identification:_identify(.) by extensions ['colcon_meta']
[0.613s] Level 1:colcon.colcon_core.package_identification:_identify(.) by extension 'colcon_meta'
[0.613s] Level 1:colcon.colcon_core.package_identification:_identify(.) by extensions ['ros']
[0.614s] Level 1:colcon.colcon_core.package_identification:_identify(.) by extension 'ros'
[0.639s] Level 1:colcon.colcon_core.package_identification:_identify(.) by extensions ['cmake', 'python']
[0.639s] Level 1:colcon.colcon_core.package_identification:_identify(.) by extension 'cmake'
[0.639s] Level 1:colcon.colcon_core.package_identification:_identify(.) by extension 'python'
[0.639s] Level 1:colcon.colcon_core.package_identification:_identify(.) by extensions ['python_setup_py']
[0.639s] Level 1:colcon.colcon_core.package_identification:_identify(.) by extension 'python_setup_py'
[0.639s] Level 1:colcon.colcon_core.package_identification:_identify(build) by extensions ['ignore', 'ignore_ament_install']
[0.640s] Level 1:colcon.colcon_core.package_identification:_identify(build) by extension 'ignore'
[0.640s] Level 1:colcon.colcon_core.package_identification:_identify(build) ignored
[0.640s] Level 1:colcon.colcon_core.package_identification:_identify(install) by extensions ['ignore', 'ignore_ament_install']
[0.640s] Level 1:colcon.colcon_core.package_identification:_identify(install) by extension 'ignore'
[0.640s] Level 1:colcon.colcon_core.package_identification:_identify(install) ignored
[0.640s] Level 1:colcon.colcon_core.package_identification:_identify(log) by extensions ['ignore', 'ignore_ament_install']
[0.640s] Level 1:colcon.colcon_core.package_identification:_identify(log) by extension 'ignore'
[0.640s] Level 1:colcon.colcon_core.package_identification:_identify(log) ignored
[0.642s] Level 1:colcon.colcon_core.package_identification:_identify(src) by extensions ['ignore', 'ignore_ament_install']
[0.642s] Level 1:colcon.colcon_core.package_identification:_identify(src) by extension 'ignore'
[0.642s] Level 1:colcon.colcon_core.package_identification:_identify(src) by extension 'ignore_ament_install'
[0.642s] Level 1:colcon.colcon_core.package_identification:_identify(src) by extensions ['colcon_pkg']
[0.642s] Level 1:colcon.colcon_core.package_identification:_identify(src) by extension 'colcon_pkg'
[0.642s] Level 1:colcon.colcon_core.package_identification:_identify(src) by extensions ['colcon_meta']
[0.642s] Level 1:colcon.colcon_core.package_identification:_identify(src) by extension 'colcon_meta'
[0.642s] Level 1:colcon.colcon_core.package_identification:_identify(src) by extensions ['ros']
[0.643s] Level 1:colcon.colcon_core.package_identification:_identify(src) by extension 'ros'
[0.643s] Level 1:colcon.colcon_core.package_identification:_identify(src) by extensions ['cmake', 'python']
[0.643s] Level 1:colcon.colcon_core.package_identification:_identify(src) by extension 'cmake'
[0.643s] Level 1:colcon.colcon_core.package_identification:_identify(src) by extension 'python'
[0.643s] Level 1:colcon.colcon_core.package_identification:_identify(src) by extensions ['python_setup_py']
[0.643s] Level 1:colcon.colcon_core.package_identification:_identify(src) by extension 'python_setup_py'
[0.643s] Level 1:colcon.colcon_core.package_identification:_identify(src/UltrasonicData) by extensions ['ignore', 'ignore_ament_install']
[0.643s] Level 1:colcon.colcon_core.package_identification:_identify(src/UltrasonicData) by extension 'ignore'
[0.643s] Level 1:colcon.colcon_core.package_identification:_identify(src/UltrasonicData) by extension 'ignore_ament_install'
[0.643s] Level 1:colcon.colcon_core.package_identification:_identify(src/UltrasonicData) by extensions ['colcon_pkg']
[0.643s] Level 1:colcon.colcon_core.package_identification:_identify(src/UltrasonicData) by extension 'colcon_pkg'
[0.643s] Level 1:colcon.colcon_core.package_identification:_identify(src/UltrasonicData) by extensions ['colcon_meta']
[0.643s] Level 1:colcon.colcon_core.package_identification:_identify(src/UltrasonicData) by extension 'colcon_meta'
[0.644s] Level 1:colcon.colcon_core.package_identification:_identify(src/UltrasonicData) by extensions ['ros']
[0.644s] Level 1:colcon.colcon_core.package_identification:_identify(src/UltrasonicData) by extension 'ros'
[0.650s] DEBUG:colcon.colcon_core.package_identification:Package 'src/UltrasonicData' with type 'ros.ament_cmake' and name 'UltrasonicData'
[0.650s] Level 1:colcon.colcon_core.package_discovery:discover_packages(recursive) using defaults
[0.650s] Level 1:colcon.colcon_core.package_discovery:discover_packages(ignore) discover
[0.650s] Level 1:colcon.colcon_core.package_discovery:discover_packages(ignore) using defaults
[0.650s] Level 1:colcon.colcon_core.package_discovery:discover_packages(path) discover
[0.650s] Level 1:colcon.colcon_core.package_discovery:discover_packages(path) using defaults
[0.705s] Level 1:colcon.colcon_core.package_discovery:discover_packages(prefix_path) check parameters
[0.705s] Level 1:colcon.colcon_core.package_discovery:discover_packages(prefix_path) discover
[0.708s] Level 1:colcon.colcon_core.package_discovery:discover_packages(prefix_path) using defaults
[0.710s] Level 5:colcon.colcon_core.verb:set package 'UltrasonicData' build argument 'cmake_args' from command line to 'None'
[0.710s] Level 5:colcon.colcon_core.verb:set package 'UltrasonicData' build argument 'cmake_target' from command line to 'None'
[0.710s] Level 5:colcon.colcon_core.verb:set package 'UltrasonicData' build argument 'cmake_target_skip_unavailable' from command line to 'False'
[0.710s] Level 5:colcon.colcon_core.verb:set package 'UltrasonicData' build argument 'cmake_clean_cache' from command line to 'False'
[0.711s] Level 5:colcon.colcon_core.verb:set package 'UltrasonicData' build argument 'cmake_clean_first' from command line to 'False'
[0.711s] Level 5:colcon.colcon_core.verb:set package 'UltrasonicData' build argument 'cmake_force_configure' from command line to 'False'
[0.711s] Level 5:colcon.colcon_core.verb:set package 'UltrasonicData' build argument 'ament_cmake_args' from command line to 'None'
[0.711s] Level 5:colcon.colcon_core.verb:set package 'UltrasonicData' build argument 'catkin_cmake_args' from command line to 'None'
[0.711s] Level 5:colcon.colcon_core.verb:set package 'UltrasonicData' build argument 'catkin_skip_building_tests' from command line to 'False'
[0.711s] DEBUG:colcon.colcon_core.verb:Building package 'UltrasonicData' with the following arguments: {'ament_cmake_args': None, 'build_base': '/home/kalyani/ros2_arduino/build/UltrasonicData', 'catkin_cmake_args': None, 'catkin_skip_building_tests': False, 'cmake_args': None, 'cmake_clean_cache': False, 'cmake_clean_first': False, 'cmake_force_configure': False, 'cmake_target': None, 'cmake_target_skip_unavailable': False, 'install_base': '/home/kalyani/ros2_arduino/install/UltrasonicData', 'merge_install': False, 'path': '/home/kalyani/ros2_arduino/src/UltrasonicData', 'symlink_install': False, 'test_result_base': None}
[0.711s] INFO:colcon.colcon_core.executor:Executing jobs using 'parallel' executor
[0.712s] DEBUG:colcon.colcon_parallel_executor.executor.parallel:run_until_complete
[0.712s] INFO:colcon.colcon_ros.task.ament_cmake.build:Building ROS package in '/home/kalyani/ros2_arduino/src/UltrasonicData' with build type 'ament_cmake'
[0.712s] INFO:colcon.colcon_cmake.task.cmake.build:Building CMake package in '/home/kalyani/ros2_arduino/src/UltrasonicData'
[0.718s] INFO:colcon.colcon_core.plugin_system:Skipping extension 'colcon_core.shell.bat': Not used on non-Windows systems
[0.720s] INFO:colcon.colcon_core.shell:Skip shell extension 'powershell' for command environment: Not usable outside of PowerShell
[0.720s] DEBUG:colcon.colcon_core.shell:Skip shell extension 'dsv' for command environment
[0.728s] DEBUG:colcon.colcon_core.event_handler.log_command:Invoking command in '/home/kalyani/ros2_arduino/build/UltrasonicData': /usr/bin/cmake --build /home/kalyani/ros2_arduino/build/UltrasonicData -- -j4 -l4
[0.879s] DEBUG:colcon.colcon_core.event_handler.log_command:Invoked command in '/home/kalyani/ros2_arduino/build/UltrasonicData' returned '0': /usr/bin/cmake --build /home/kalyani/ros2_arduino/build/UltrasonicData -- -j4 -l4
[0.915s] DEBUG:colcon.colcon_core.event_handler.log_command:Invoking command in '/home/kalyani/ros2_arduino/build/UltrasonicData': /usr/bin/cmake --install /home/kalyani/ros2_arduino/build/UltrasonicData
[0.931s] Level 1:colcon.colcon_core.environment:create_environment_scripts_only(UltrasonicData)
[0.931s] DEBUG:colcon.colcon_core.event_handler.log_command:Invoked command in '/home/kalyani/ros2_arduino/build/UltrasonicData' returned '0': /usr/bin/cmake --install /home/kalyani/ros2_arduino/build/UltrasonicData
[0.939s] Level 1:colcon.colcon_core.environment:checking '/home/kalyani/ros2_arduino/install/UltrasonicData' for CMake module files
[0.941s] Level 1:colcon.colcon_core.environment:checking '/home/kalyani/ros2_arduino/install/UltrasonicData' for CMake config files
[0.941s] Level 1:colcon.colcon_core.shell:create_environment_hook('UltrasonicData', 'cmake_prefix_path')
[0.941s] INFO:colcon.colcon_core.shell:Creating environment hook '/home/kalyani/ros2_arduino/install/UltrasonicData/share/UltrasonicData/hook/cmake_prefix_path.ps1'
[0.944s] INFO:colcon.colcon_core.shell:Creating environment descriptor '/home/kalyani/ros2_arduino/install/UltrasonicData/share/UltrasonicData/hook/cmake_prefix_path.dsv'
[0.945s] INFO:colcon.colcon_core.shell:Creating environment hook '/home/kalyani/ros2_arduino/install/UltrasonicData/share/UltrasonicData/hook/cmake_prefix_path.sh'
[0.946s] Level 1:colcon.colcon_core.environment:checking '/home/kalyani/ros2_arduino/install/UltrasonicData/lib'
[0.946s] Level 1:colcon.colcon_core.environment:checking '/home/kalyani/ros2_arduino/install/UltrasonicData/bin'
[0.946s] Level 1:colcon.colcon_core.environment:checking '/home/kalyani/ros2_arduino/install/UltrasonicData/lib/pkgconfig/UltrasonicData.pc'
[0.949s] Level 1:colcon.colcon_core.environment:checking '/home/kalyani/ros2_arduino/install/UltrasonicData/lib/python3.10/site-packages'
[0.949s] Level 1:colcon.colcon_core.environment:checking '/home/kalyani/ros2_arduino/install/UltrasonicData/bin'
[0.949s] INFO:colcon.colcon_core.shell:Creating package script '/home/kalyani/ros2_arduino/install/UltrasonicData/share/UltrasonicData/package.ps1'
[0.951s] INFO:colcon.colcon_core.shell:Creating package descriptor '/home/kalyani/ros2_arduino/install/UltrasonicData/share/UltrasonicData/package.dsv'
[0.951s] INFO:colcon.colcon_core.shell:Creating package script '/home/kalyani/ros2_arduino/install/UltrasonicData/share/UltrasonicData/package.sh'
[0.952s] INFO:colcon.colcon_core.shell:Creating package script '/home/kalyani/ros2_arduino/install/UltrasonicData/share/UltrasonicData/package.bash'
[0.954s] INFO:colcon.colcon_core.shell:Creating package script '/home/kalyani/ros2_arduino/install/UltrasonicData/share/UltrasonicData/package.zsh'
[0.955s] Level 1:colcon.colcon_core.environment:create_file_with_runtime_dependencies(/home/kalyani/ros2_arduino/install/UltrasonicData/share/colcon-core/packages/UltrasonicData)
[0.973s] Level 1:colcon.colcon_core.environment:create_environment_scripts_only(UltrasonicData)
[0.974s] Level 1:colcon.colcon_core.environment:checking '/home/kalyani/ros2_arduino/install/UltrasonicData' for CMake module files
[0.974s] Level 1:colcon.colcon_core.environment:checking '/home/kalyani/ros2_arduino/install/UltrasonicData' for CMake config files
[0.974s] Level 1:colcon.colcon_core.shell:create_environment_hook('UltrasonicData', 'cmake_prefix_path')
[0.974s] INFO:colcon.colcon_core.shell:Creating environment hook '/home/kalyani/ros2_arduino/install/UltrasonicData/share/UltrasonicData/hook/cmake_prefix_path.ps1'
[0.975s] INFO:colcon.colcon_core.shell:Creating environment descriptor '/home/kalyani/ros2_arduino/install/UltrasonicData/share/UltrasonicData/hook/cmake_prefix_path.dsv'
[0.975s] INFO:colcon.colcon_core.shell:Creating environment hook '/home/kalyani/ros2_arduino/install/UltrasonicData/share/UltrasonicData/hook/cmake_prefix_path.sh'
[0.976s] Level 1:colcon.colcon_core.environment:checking '/home/kalyani/ros2_arduino/install/UltrasonicData/lib'
[0.976s] Level 1:colcon.colcon_core.environment:checking '/home/kalyani/ros2_arduino/install/UltrasonicData/bin'
[0.976s] Level 1:colcon.colcon_core.environment:checking '/home/kalyani/ros2_arduino/install/UltrasonicData/lib/pkgconfig/UltrasonicData.pc'
[0.976s] Level 1:colcon.colcon_core.environment:checking '/home/kalyani/ros2_arduino/install/UltrasonicData/lib/python3.10/site-packages'
[0.977s] Level 1:colcon.colcon_core.environment:checking '/home/kalyani/ros2_arduino/install/UltrasonicData/bin'
[0.977s] INFO:colcon.colcon_core.shell:Creating package script '/home/kalyani/ros2_arduino/install/UltrasonicData/share/UltrasonicData/package.ps1'
[0.977s] INFO:colcon.colcon_core.shell:Creating package descriptor '/home/kalyani/ros2_arduino/install/UltrasonicData/share/UltrasonicData/package.dsv'
[0.978s] INFO:colcon.colcon_core.shell:Creating package script '/home/kalyani/ros2_arduino/install/UltrasonicData/share/UltrasonicData/package.sh'
[0.978s] INFO:colcon.colcon_core.shell:Creating package script '/home/kalyani/ros2_arduino/install/UltrasonicData/share/UltrasonicData/package.bash'
[0.979s] INFO:colcon.colcon_core.shell:Creating package script '/home/kalyani/ros2_arduino/install/UltrasonicData/share/UltrasonicData/package.zsh'
[0.979s] Level 1:colcon.colcon_core.environment:create_file_with_runtime_dependencies(/home/kalyani/ros2_arduino/install/UltrasonicData/share/colcon-core/packages/UltrasonicData)
[0.979s] DEBUG:colcon.colcon_parallel_executor.executor.parallel:closing loop
[0.980s] DEBUG:colcon.colcon_parallel_executor.executor.parallel:loop closed
[0.980s] DEBUG:colcon.colcon_parallel_executor.executor.parallel:run_until_complete finished with '0'
[0.980s] DEBUG:colcon.colcon_core.event_reactor:joining thread
[0.997s] INFO:colcon.colcon_core.plugin_system:Skipping extension 'colcon_notification.desktop_notification.terminal_notifier': Not used on non-Darwin systems
[0.997s] INFO:colcon.colcon_core.plugin_system:Skipping extension 'colcon_notification.desktop_notification.win32': Not used on non-Windows systems
[0.997s] INFO:colcon.colcon_notification.desktop_notification:Sending desktop notification using 'notify2'
[1.015s] DEBUG:colcon.colcon_core.event_reactor:joined thread
[1.016s] INFO:colcon.colcon_core.shell:Creating prefix script '/home/kalyani/ros2_arduino/install/local_setup.ps1'
[1.018s] INFO:colcon.colcon_core.shell:Creating prefix util module '/home/kalyani/ros2_arduino/install/_local_setup_util_ps1.py'
[1.020s] INFO:colcon.colcon_core.shell:Creating prefix chain script '/home/kalyani/ros2_arduino/install/setup.ps1'
[1.024s] INFO:colcon.colcon_core.shell:Creating prefix script '/home/kalyani/ros2_arduino/install/local_setup.sh'
[1.026s] INFO:colcon.colcon_core.shell:Creating prefix util module '/home/kalyani/ros2_arduino/install/_local_setup_util_sh.py'
[1.028s] INFO:colcon.colcon_core.shell:Creating prefix chain script '/home/kalyani/ros2_arduino/install/setup.sh'
[1.030s] INFO:colcon.colcon_core.shell:Creating prefix script '/home/kalyani/ros2_arduino/install/local_setup.bash'
[1.031s] INFO:colcon.colcon_core.shell:Creating prefix chain script '/home/kalyani/ros2_arduino/install/setup.bash'
[1.032s] INFO:colcon.colcon_core.shell:Creating prefix script '/home/kalyani/ros2_arduino/install/local_setup.zsh'
[1.033s] INFO:colcon.colcon_core.shell:Creating prefix chain script '/home/kalyani/ros2_arduino/install/setup.zsh'
