-- The C compiler identification is GNU 11.4.0
-- The CXX compiler identification is GNU 11.4.0
-- Detecting C compiler ABI info
-- Detecting C compiler ABI info - done
-- Check for working C compiler: /usr/lib/ccache/cc - skipped
-- Detecting C compile features
-- Detecting C compile features - done
-- Detecting CXX compiler ABI info
-- Detecting CXX compiler ABI info - done
-- Check for working CXX compiler: /usr/lib/ccache/c++ - skipped
-- Detecting CXX compile features
-- Detecting CXX compile features - done
-- Found ament_cmake: 1.3.8 (/opt/ros/humble/share/ament_cmake/cmake)
-- Found Python3: /usr/bin/python3 (found version "3.10.12") found components: Interpreter 
-- Found ament_lint_auto: 0.12.10 (/opt/ros/humble/share/ament_lint_auto/cmake)
-- Added test 'lint_cmake' to check CMake code style
-- Added test 'xmllint' to check XML markup files
-- Configuring done
-- Generating done
-- Build files have been written to: /home/kalyani/ros2_arduino/build/UltrasonicData
-- Install configuration: ""
-- Installing: /home/kalyani/ros2_arduino/install/UltrasonicData/share/ament_index/resource_index/package_run_dependencies/UltrasonicData
-- Installing: /home/kalyani/ros2_arduino/install/UltrasonicData/share/ament_index/resource_index/parent_prefix_path/UltrasonicData
-- Installing: /home/kalyani/ros2_arduino/install/UltrasonicData/share/UltrasonicData/environment/ament_prefix_path.sh
-- Installing: /home/kalyani/ros2_arduino/install/UltrasonicData/share/UltrasonicData/environment/ament_prefix_path.dsv
-- Installing: /home/kalyani/ros2_arduino/install/UltrasonicData/share/UltrasonicData/environment/path.sh
-- Installing: /home/kalyani/ros2_arduino/install/UltrasonicData/share/UltrasonicData/environment/path.dsv
-- Installing: /home/kalyani/ros2_arduino/install/UltrasonicData/share/UltrasonicData/local_setup.bash
-- Installing: /home/kalyani/ros2_arduino/install/UltrasonicData/share/UltrasonicData/local_setup.sh
-- Installing: /home/kalyani/ros2_arduino/install/UltrasonicData/share/UltrasonicData/local_setup.zsh
-- Installing: /home/kalyani/ros2_arduino/install/UltrasonicData/share/UltrasonicData/local_setup.dsv
-- Installing: /home/kalyani/ros2_arduino/install/UltrasonicData/share/UltrasonicData/package.dsv
-- Installing: /home/kalyani/ros2_arduino/install/UltrasonicData/share/ament_index/resource_index/packages/UltrasonicData
-- Installing: /home/kalyani/ros2_arduino/install/UltrasonicData/share/UltrasonicData/cmake/UltrasonicDataConfig.cmake
-- Installing: /home/kalyani/ros2_arduino/install/UltrasonicData/share/UltrasonicData/cmake/UltrasonicDataConfig-version.cmake
-- Installing: /home/kalyani/ros2_arduino/install/UltrasonicData/share/UltrasonicData/package.xml
