[0.009s] Invoking command in '/home/kalyani/ros2_arduino/build/UltrasonicData': CMAKE_PREFIX_PATH=${CMAKE_PREFIX_PATH}:/opt/ros/humble /usr/bin/cmake --build /home/kalyani/ros2_arduino/build/UltrasonicData -- -j4 -l4
[0.032s] -- Found ament_cmake: 1.3.8 (/opt/ros/humble/share/ament_cmake/cmake)
[0.166s] -- Found ament_lint_auto: 0.12.10 (/opt/ros/humble/share/ament_lint_auto/cmake)
[0.222s] WARNING: Package name "UltrasonicData" does not follow the naming conventions. It should start with a lower case letter and only contain lower case letters, digits, underscores, and dashes.
[0.240s] -- Added test 'flake8' to check Python code syntax and style conventions
[0.240s] -- Added test 'lint_cmake' to check CMake code style
[0.240s] -- Added test 'pep257' to check Python code against some of the docstring style conventions in PEP 257
[0.241s] -- Added test 'xmllint' to check XML markup files
[0.242s] -- Configuring done
[0.246s] -- Generating done
[0.247s] -- Build files have been written to: /home/kalyani/ros2_arduino/build/UltrasonicData
[0.268s] Invoked command in '/home/kalyani/ros2_arduino/build/UltrasonicData' returned '0': CMAKE_PREFIX_PATH=${CMAKE_PREFIX_PATH}:/opt/ros/humble /usr/bin/cmake --build /home/kalyani/ros2_arduino/build/UltrasonicData -- -j4 -l4
[0.296s] Invoking command in '/home/kalyani/ros2_arduino/build/UltrasonicData': CMAKE_PREFIX_PATH=${CMAKE_PREFIX_PATH}:/opt/ros/humble /usr/bin/cmake --install /home/kalyani/ros2_arduino/build/UltrasonicData
[0.303s] -- Install configuration: ""
[0.303s] [31mCMake Error at cmake_install.cmake:46 (file):
[0.303s]   file INSTALL cannot find
[0.303s]   "/home/kalyani/ros2_arduino/src/UltrasonicData/src/sensornode.py": No such
[0.303s]   file or directory.
[0.303s] 
[0.303s] [0m
[0.304s] Invoked command in '/home/kalyani/ros2_arduino/build/UltrasonicData' returned '1': CMAKE_PREFIX_PATH=${CMAKE_PREFIX_PATH}:/opt/ros/humble /usr/bin/cmake --install /home/kalyani/ros2_arduino/build/UltrasonicData
