-- Found ament_cmake: 1.3.8 (/opt/ros/humble/share/ament_cmake/cmake)
-- Found ament_lint_auto: 0.12.10 (/opt/ros/humble/share/ament_lint_auto/cmake)
WARNING: Package name "UltrasonicData" does not follow the naming conventions. It should start with a lower case letter and only contain lower case letters, digits, underscores, and dashes.
-- Added test 'flake8' to check Python code syntax and style conventions
-- Added test 'lint_cmake' to check CMake code style
-- Added test 'pep257' to check Python code against some of the docstring style conventions in PEP 257
-- Added test 'xmllint' to check XML markup files
-- Configuring done
-- Generating done
-- Build files have been written to: /home/kalyani/ros2_arduino/build/UltrasonicData
-- Install configuration: ""
-- Up-to-date: /home/kalyani/ros2_arduino/install/UltrasonicData/lib/UltrasonicData/sensornode.py
-- Up-to-date: /home/kalyani/ros2_arduino/install/UltrasonicData/lib/UltrasonicData/reverse_carparking.py
-- Up-to-date: /home/kalyani/ros2_arduino/install/UltrasonicData/lib/UltrasonicData/serialPlotter.py
-- Up-to-date: /home/kalyani/ros2_arduino/install/UltrasonicData/share/ament_index/resource_index/package_run_dependencies/UltrasonicData
-- Installing: /home/kalyani/ros2_arduino/install/UltrasonicData/share/ament_index/resource_index/parent_prefix_path/UltrasonicData
-- Up-to-date: /home/kalyani/ros2_arduino/install/UltrasonicData/share/UltrasonicData/environment/ament_prefix_path.sh
-- Installing: /home/kalyani/ros2_arduino/install/UltrasonicData/share/UltrasonicData/environment/ament_prefix_path.dsv
-- Up-to-date: /home/kalyani/ros2_arduino/install/UltrasonicData/share/UltrasonicData/environment/path.sh
-- Installing: /home/kalyani/ros2_arduino/install/UltrasonicData/share/UltrasonicData/environment/path.dsv
-- Up-to-date: /home/kalyani/ros2_arduino/install/UltrasonicData/share/UltrasonicData/local_setup.bash
-- Up-to-date: /home/kalyani/ros2_arduino/install/UltrasonicData/share/UltrasonicData/local_setup.sh
-- Up-to-date: /home/kalyani/ros2_arduino/install/UltrasonicData/share/UltrasonicData/local_setup.zsh
-- Installing: /home/kalyani/ros2_arduino/install/UltrasonicData/share/UltrasonicData/local_setup.dsv
-- Installing: /home/kalyani/ros2_arduino/install/UltrasonicData/share/UltrasonicData/package.dsv
-- Up-to-date: /home/kalyani/ros2_arduino/install/UltrasonicData/share/ament_index/resource_index/packages/UltrasonicData
-- Up-to-date: /home/kalyani/ros2_arduino/install/UltrasonicData/share/UltrasonicData/cmake/UltrasonicDataConfig.cmake
-- Up-to-date: /home/kalyani/ros2_arduino/install/UltrasonicData/share/UltrasonicData/cmake/UltrasonicDataConfig-version.cmake
-- Up-to-date: /home/kalyani/ros2_arduino/install/UltrasonicData/share/UltrasonicData/package.xml
