[0.012s] Invoking command in '/home/kalyani/ros2_arduino/build/UltrasonicData': CMAKE_PREFIX_PATH=${CMAKE_PREFIX_PATH}:/opt/ros/humble /usr/bin/cmake --build /home/kalyani/ros2_arduino/build/UltrasonicData -- -j4 -l4
[0.062s] -- Found ament_cmake: 1.3.8 (/opt/ros/humble/share/ament_cmake/cmake)
[0.271s] -- Found ament_lint_auto: 0.12.10 (/opt/ros/humble/share/ament_lint_auto/cmake)
[0.358s] WARNING: Package name "UltrasonicData" does not follow the naming conventions. It should start with a lower case letter and only contain lower case letters, digits, underscores, and dashes.
[0.402s] -- Added test 'flake8' to check Python code syntax and style conventions
[0.403s] -- Added test 'lint_cmake' to check CMake code style
[0.403s] -- Added test 'pep257' to check Python code against some of the docstring style conventions in PEP 257
[0.405s] -- Added test 'xmllint' to check XML markup files
[0.406s] -- Configuring done
[0.413s] -- Generating done
[0.414s] -- Build files have been written to: /home/kalyani/ros2_arduino/build/UltrasonicData
[0.437s] Invoked command in '/home/kalyani/ros2_arduino/build/UltrasonicData' returned '0': CMAKE_PREFIX_PATH=${CMAKE_PREFIX_PATH}:/opt/ros/humble /usr/bin/cmake --build /home/kalyani/ros2_arduino/build/UltrasonicData -- -j4 -l4
[0.465s] Invoking command in '/home/kalyani/ros2_arduino/build/UltrasonicData': CMAKE_PREFIX_PATH=${CMAKE_PREFIX_PATH}:/opt/ros/humble /usr/bin/cmake --install /home/kalyani/ros2_arduino/build/UltrasonicData
[0.472s] -- Install configuration: ""
[0.472s] -- Up-to-date: /home/kalyani/ros2_arduino/install/UltrasonicData/lib/UltrasonicData/sensornode.py
[0.472s] -- Installing: /home/kalyani/ros2_arduino/install/UltrasonicData/lib/UltrasonicData/carparking.py
[0.472s] -- Up-to-date: /home/kalyani/ros2_arduino/install/UltrasonicData/share/ament_index/resource_index/package_run_dependencies/UltrasonicData
[0.472s] -- Up-to-date: /home/kalyani/ros2_arduino/install/UltrasonicData/share/ament_index/resource_index/parent_prefix_path/UltrasonicData
[0.472s] -- Up-to-date: /home/kalyani/ros2_arduino/install/UltrasonicData/share/UltrasonicData/environment/ament_prefix_path.sh
[0.472s] -- Installing: /home/kalyani/ros2_arduino/install/UltrasonicData/share/UltrasonicData/environment/ament_prefix_path.dsv
[0.472s] -- Up-to-date: /home/kalyani/ros2_arduino/install/UltrasonicData/share/UltrasonicData/environment/path.sh
[0.472s] -- Installing: /home/kalyani/ros2_arduino/install/UltrasonicData/share/UltrasonicData/environment/path.dsv
[0.472s] -- Up-to-date: /home/kalyani/ros2_arduino/install/UltrasonicData/share/UltrasonicData/local_setup.bash
[0.472s] -- Up-to-date: /home/kalyani/ros2_arduino/install/UltrasonicData/share/UltrasonicData/local_setup.sh
[0.473s] -- Up-to-date: /home/kalyani/ros2_arduino/install/UltrasonicData/share/UltrasonicData/local_setup.zsh
[0.473s] -- Installing: /home/kalyani/ros2_arduino/install/UltrasonicData/share/UltrasonicData/local_setup.dsv
[0.473s] -- Installing: /home/kalyani/ros2_arduino/install/UltrasonicData/share/UltrasonicData/package.dsv
[0.473s] -- Up-to-date: /home/kalyani/ros2_arduino/install/UltrasonicData/share/ament_index/resource_index/packages/UltrasonicData
[0.473s] -- Up-to-date: /home/kalyani/ros2_arduino/install/UltrasonicData/share/UltrasonicData/cmake/UltrasonicDataConfig.cmake
[0.473s] -- Up-to-date: /home/kalyani/ros2_arduino/install/UltrasonicData/share/UltrasonicData/cmake/UltrasonicDataConfig-version.cmake
[0.473s] -- Up-to-date: /home/kalyani/ros2_arduino/install/UltrasonicData/share/UltrasonicData/package.xml
[0.475s] Invoked command in '/home/kalyani/ros2_arduino/build/UltrasonicData' returned '0': CMAKE_PREFIX_PATH=${CMAKE_PREFIX_PATH}:/opt/ros/humble /usr/bin/cmake --install /home/kalyani/ros2_arduino/build/UltrasonicData
