[0.015s] Invoking command in '/home/kalyani/ros2_arduino/build/UltrasonicData': /usr/bin/cmake --build /home/kalyani/ros2_arduino/build/UltrasonicData -- -j4 -l4
[0.190s] Invoked command in '/home/kalyani/ros2_arduino/build/UltrasonicData' returned '0': /usr/bin/cmake --build /home/kalyani/ros2_arduino/build/UltrasonicData -- -j4 -l4
[0.217s] Invoking command in '/home/kalyani/ros2_arduino/build/UltrasonicData': /usr/bin/cmake --install /home/kalyani/ros2_arduino/build/UltrasonicData
[0.225s] -- Install configuration: ""
[0.226s] -- Up-to-date: /home/kalyani/ros2_arduino/install/UltrasonicData/lib/UltrasonicData/sensornode.py
[0.226s] -- Up-to-date: /home/kalyani/ros2_arduino/install/UltrasonicData/lib/UltrasonicData/carparking.py
[0.227s] -- Up-to-date: /home/kalyani/ros2_arduino/install/UltrasonicData/lib/UltrasonicData/test1.py
[0.227s] -- Up-to-date: /home/kalyani/ros2_arduino/install/UltrasonicData/lib/UltrasonicData/serialPlotter.py
[0.227s] -- Up-to-date: /home/kalyani/ros2_arduino/install/UltrasonicData/share/ament_index/resource_index/package_run_dependencies/UltrasonicData
[0.228s] -- Up-to-date: /home/kalyani/ros2_arduino/install/UltrasonicData/share/ament_index/resource_index/parent_prefix_path/UltrasonicData
[0.228s] -- Up-to-date: /home/kalyani/ros2_arduino/install/UltrasonicData/share/UltrasonicData/environment/ament_prefix_path.sh
[0.228s] -- Up-to-date: /home/kalyani/ros2_arduino/install/UltrasonicData/share/UltrasonicData/environment/ament_prefix_path.dsv
[0.228s] -- Up-to-date: /home/kalyani/ros2_arduino/install/UltrasonicData/share/UltrasonicData/environment/path.sh
[0.228s] -- Up-to-date: /home/kalyani/ros2_arduino/install/UltrasonicData/share/UltrasonicData/environment/path.dsv
[0.229s] -- Up-to-date: /home/kalyani/ros2_arduino/install/UltrasonicData/share/UltrasonicData/local_setup.bash
[0.229s] -- Up-to-date: /home/kalyani/ros2_arduino/install/UltrasonicData/share/UltrasonicData/local_setup.sh
[0.229s] -- Up-to-date: /home/kalyani/ros2_arduino/install/UltrasonicData/share/UltrasonicData/local_setup.zsh
[0.229s] -- Up-to-date: /home/kalyani/ros2_arduino/install/UltrasonicData/share/UltrasonicData/local_setup.dsv
[0.229s] -- Installing: /home/kalyani/ros2_arduino/install/UltrasonicData/share/UltrasonicData/package.dsv
[0.231s] -- Up-to-date: /home/kalyani/ros2_arduino/install/UltrasonicData/share/ament_index/resource_index/packages/UltrasonicData
[0.232s] -- Up-to-date: /home/kalyani/ros2_arduino/install/UltrasonicData/share/UltrasonicData/cmake/UltrasonicDataConfig.cmake
[0.232s] -- Up-to-date: /home/kalyani/ros2_arduino/install/UltrasonicData/share/UltrasonicData/cmake/UltrasonicDataConfig-version.cmake
[0.232s] -- Up-to-date: /home/kalyani/ros2_arduino/install/UltrasonicData/share/UltrasonicData/package.xml
[0.234s] Invoked command in '/home/kalyani/ros2_arduino/build/UltrasonicData' returned '0': /usr/bin/cmake --install /home/kalyani/ros2_arduino/build/UltrasonicData
