[0.244s] DEBUG:colcon:Command line arguments: ['/usr/bin/colcon', 'build']
[0.244s] DEBUG:colcon:Parsed command line arguments: Namespace(log_base=None, log_level=None, verb_name='build', build_base='build', install_base='install', merge_install=False, symlink_install=False, test_result_base=None, continue_on_error=False, executor='parallel', parallel_workers=4, event_handlers=None, ignore_user_meta=False, metas=['./colcon.meta'], base_paths=['.'], packages_ignore=None, packages_ignore_regex=None, paths=None, packages_up_to=None, packages_up_to_regex=None, packages_above=None, packages_above_and_dependencies=None, packages_above_depth=None, packages_select_by_dep=None, packages_skip_by_dep=None, packages_skip_up_to=None, packages_select_build_failed=False, packages_skip_build_finished=False, packages_select_test_failures=False, packages_skip_test_passed=False, packages_select=None, packages_skip=None, packages_select_regex=None, packages_skip_regex=None, packages_start=None, packages_end=None, allow_overriding=[], cmake_args=None, cmake_target=None, cmake_target_skip_unavailable=False, cmake_clean_cache=False, cmake_clean_first=False, cmake_force_configure=False, ament_cmake_args=None, catkin_cmake_args=None, catkin_skip_building_tests=False, verb_parser=<colcon_defaults.argument_parser.defaults.DefaultArgumentsDecorator object at 0x7242763ffe50>, verb_extension=<colcon_core.verb.build.BuildVerb object at 0x7242763ff8e0>, main=<bound method BuildVerb.main of <colcon_core.verb.build.BuildVerb object at 0x7242763ff8e0>>)
[0.351s] Level 1:colcon.colcon_core.package_discovery:discover_packages(colcon_meta) check parameters
[0.351s] Level 1:colcon.colcon_core.package_discovery:discover_packages(recursive) check parameters
[0.351s] Level 1:colcon.colcon_core.package_discovery:discover_packages(ignore) check parameters
[0.351s] Level 1:colcon.colcon_core.package_discovery:discover_packages(path) check parameters
[0.351s] Level 1:colcon.colcon_core.package_discovery:discover_packages(colcon_meta) discover
[0.351s] Level 1:colcon.colcon_core.package_discovery:discover_packages(recursive) discover
[0.351s] INFO:colcon.colcon_core.package_discovery:Crawling recursively for packages in '/home/kalyani/ros2_arduino'
[0.352s] Level 1:colcon.colcon_core.package_identification:_identify(.) by extensions ['ignore', 'ignore_ament_install']
[0.352s] Level 1:colcon.colcon_core.package_identification:_identify(.) by extension 'ignore'
[0.352s] Level 1:colcon.colcon_core.package_identification:_identify(.) by extension 'ignore_ament_install'
[0.352s] Level 1:colcon.colcon_core.package_identification:_identify(.) by extensions ['colcon_pkg']
[0.352s] Level 1:colcon.colcon_core.package_identification:_identify(.) by extension 'colcon_pkg'
[0.352s] Level 1:colcon.colcon_core.package_identification:_identify(.) by extensions ['colcon_meta']
[0.352s] Level 1:colcon.colcon_core.package_identification:_identify(.) by extension 'colcon_meta'
[0.352s] Level 1:colcon.colcon_core.package_identification:_identify(.) by extensions ['ros']
[0.352s] Level 1:colcon.colcon_core.package_identification:_identify(.) by extension 'ros'
[0.374s] Level 1:colcon.colcon_core.package_identification:_identify(.) by extensions ['cmake', 'python']
[0.375s] Level 1:colcon.colcon_core.package_identification:_identify(.) by extension 'cmake'
[0.375s] Level 1:colcon.colcon_core.package_identification:_identify(.) by extension 'python'
[0.375s] Level 1:colcon.colcon_core.package_identification:_identify(.) by extensions ['python_setup_py']
[0.375s] Level 1:colcon.colcon_core.package_identification:_identify(.) by extension 'python_setup_py'
[0.375s] Level 1:colcon.colcon_core.package_identification:_identify(build) by extensions ['ignore', 'ignore_ament_install']
[0.375s] Level 1:colcon.colcon_core.package_identification:_identify(build) by extension 'ignore'
[0.375s] Level 1:colcon.colcon_core.package_identification:_identify(build) ignored
[0.375s] Level 1:colcon.colcon_core.package_identification:_identify(install) by extensions ['ignore', 'ignore_ament_install']
[0.375s] Level 1:colcon.colcon_core.package_identification:_identify(install) by extension 'ignore'
[0.375s] Level 1:colcon.colcon_core.package_identification:_identify(install) ignored
[0.375s] Level 1:colcon.colcon_core.package_identification:_identify(log) by extensions ['ignore', 'ignore_ament_install']
[0.375s] Level 1:colcon.colcon_core.package_identification:_identify(log) by extension 'ignore'
[0.376s] Level 1:colcon.colcon_core.package_identification:_identify(log) ignored
[0.376s] Level 1:colcon.colcon_core.package_identification:_identify(src) by extensions ['ignore', 'ignore_ament_install']
[0.376s] Level 1:colcon.colcon_core.package_identification:_identify(src) by extension 'ignore'
[0.376s] Level 1:colcon.colcon_core.package_identification:_identify(src) by extension 'ignore_ament_install'
[0.376s] Level 1:colcon.colcon_core.package_identification:_identify(src) by extensions ['colcon_pkg']
[0.376s] Level 1:colcon.colcon_core.package_identification:_identify(src) by extension 'colcon_pkg'
[0.376s] Level 1:colcon.colcon_core.package_identification:_identify(src) by extensions ['colcon_meta']
[0.376s] Level 1:colcon.colcon_core.package_identification:_identify(src) by extension 'colcon_meta'
[0.376s] Level 1:colcon.colcon_core.package_identification:_identify(src) by extensions ['ros']
[0.376s] Level 1:colcon.colcon_core.package_identification:_identify(src) by extension 'ros'
[0.376s] Level 1:colcon.colcon_core.package_identification:_identify(src) by extensions ['cmake', 'python']
[0.376s] Level 1:colcon.colcon_core.package_identification:_identify(src) by extension 'cmake'
[0.376s] Level 1:colcon.colcon_core.package_identification:_identify(src) by extension 'python'
[0.376s] Level 1:colcon.colcon_core.package_identification:_identify(src) by extensions ['python_setup_py']
[0.376s] Level 1:colcon.colcon_core.package_identification:_identify(src) by extension 'python_setup_py'
[0.376s] Level 1:colcon.colcon_core.package_identification:_identify(src/UltrasonicData) by extensions ['ignore', 'ignore_ament_install']
[0.376s] Level 1:colcon.colcon_core.package_identification:_identify(src/UltrasonicData) by extension 'ignore'
[0.377s] Level 1:colcon.colcon_core.package_identification:_identify(src/UltrasonicData) by extension 'ignore_ament_install'
[0.377s] Level 1:colcon.colcon_core.package_identification:_identify(src/UltrasonicData) by extensions ['colcon_pkg']
[0.377s] Level 1:colcon.colcon_core.package_identification:_identify(src/UltrasonicData) by extension 'colcon_pkg'
[0.377s] Level 1:colcon.colcon_core.package_identification:_identify(src/UltrasonicData) by extensions ['colcon_meta']
[0.377s] Level 1:colcon.colcon_core.package_identification:_identify(src/UltrasonicData) by extension 'colcon_meta'
[0.377s] Level 1:colcon.colcon_core.package_identification:_identify(src/UltrasonicData) by extensions ['ros']
[0.377s] Level 1:colcon.colcon_core.package_identification:_identify(src/UltrasonicData) by extension 'ros'
[0.380s] DEBUG:colcon.colcon_core.package_identification:Package 'src/UltrasonicData' with type 'ros.ament_cmake' and name 'UltrasonicData'
[0.380s] Level 1:colcon.colcon_core.package_discovery:discover_packages(recursive) using defaults
[0.381s] Level 1:colcon.colcon_core.package_discovery:discover_packages(ignore) discover
[0.381s] Level 1:colcon.colcon_core.package_discovery:discover_packages(ignore) using defaults
[0.381s] Level 1:colcon.colcon_core.package_discovery:discover_packages(path) discover
[0.381s] Level 1:colcon.colcon_core.package_discovery:discover_packages(path) using defaults
[0.444s] Level 1:colcon.colcon_core.package_discovery:discover_packages(prefix_path) check parameters
[0.444s] Level 1:colcon.colcon_core.package_discovery:discover_packages(prefix_path) discover
[0.448s] DEBUG:colcon.colcon_installed_package_information.package_discovery:Found 1 installed packages in /home/kalyani/ros2_arduino/install
[0.449s] DEBUG:colcon.colcon_installed_package_information.package_discovery:Found 331 installed packages in /opt/ros/humble
[0.451s] Level 1:colcon.colcon_core.package_discovery:discover_packages(prefix_path) using defaults
[0.500s] Level 5:colcon.colcon_core.verb:set package 'UltrasonicData' build argument 'cmake_args' from command line to 'None'
[0.500s] Level 5:colcon.colcon_core.verb:set package 'UltrasonicData' build argument 'cmake_target' from command line to 'None'
[0.500s] Level 5:colcon.colcon_core.verb:set package 'UltrasonicData' build argument 'cmake_target_skip_unavailable' from command line to 'False'
[0.500s] Level 5:colcon.colcon_core.verb:set package 'UltrasonicData' build argument 'cmake_clean_cache' from command line to 'False'
[0.500s] Level 5:colcon.colcon_core.verb:set package 'UltrasonicData' build argument 'cmake_clean_first' from command line to 'False'
[0.500s] Level 5:colcon.colcon_core.verb:set package 'UltrasonicData' build argument 'cmake_force_configure' from command line to 'False'
[0.500s] Level 5:colcon.colcon_core.verb:set package 'UltrasonicData' build argument 'ament_cmake_args' from command line to 'None'
[0.500s] Level 5:colcon.colcon_core.verb:set package 'UltrasonicData' build argument 'catkin_cmake_args' from command line to 'None'
[0.500s] Level 5:colcon.colcon_core.verb:set package 'UltrasonicData' build argument 'catkin_skip_building_tests' from command line to 'False'
[0.500s] DEBUG:colcon.colcon_core.verb:Building package 'UltrasonicData' with the following arguments: {'ament_cmake_args': None, 'build_base': '/home/kalyani/ros2_arduino/build/UltrasonicData', 'catkin_cmake_args': None, 'catkin_skip_building_tests': False, 'cmake_args': None, 'cmake_clean_cache': False, 'cmake_clean_first': False, 'cmake_force_configure': False, 'cmake_target': None, 'cmake_target_skip_unavailable': False, 'install_base': '/home/kalyani/ros2_arduino/install/UltrasonicData', 'merge_install': False, 'path': '/home/kalyani/ros2_arduino/src/UltrasonicData', 'symlink_install': False, 'test_result_base': None}
[0.500s] INFO:colcon.colcon_core.executor:Executing jobs using 'parallel' executor
[0.502s] DEBUG:colcon.colcon_parallel_executor.executor.parallel:run_until_complete
[0.502s] INFO:colcon.colcon_ros.task.ament_cmake.build:Building ROS package in '/home/kalyani/ros2_arduino/src/UltrasonicData' with build type 'ament_cmake'
[0.502s] INFO:colcon.colcon_cmake.task.cmake.build:Building CMake package in '/home/kalyani/ros2_arduino/src/UltrasonicData'
[0.507s] INFO:colcon.colcon_core.plugin_system:Skipping extension 'colcon_core.shell.bat': Not used on non-Windows systems
[0.508s] INFO:colcon.colcon_core.shell:Skip shell extension 'powershell' for command environment: Not usable outside of PowerShell
[0.508s] DEBUG:colcon.colcon_core.shell:Skip shell extension 'dsv' for command environment
[0.516s] DEBUG:colcon.colcon_core.event_handler.log_command:Invoking command in '/home/kalyani/ros2_arduino/build/UltrasonicData': CMAKE_PREFIX_PATH=${CMAKE_PREFIX_PATH}:/opt/ros/humble /usr/bin/cmake --build /home/kalyani/ros2_arduino/build/UltrasonicData -- -j4 -l4
[0.980s] DEBUG:colcon.colcon_core.event_handler.log_command:Invoked command in '/home/kalyani/ros2_arduino/build/UltrasonicData' returned '0': CMAKE_PREFIX_PATH=${CMAKE_PREFIX_PATH}:/opt/ros/humble /usr/bin/cmake --build /home/kalyani/ros2_arduino/build/UltrasonicData -- -j4 -l4
[1.009s] DEBUG:colcon.colcon_core.event_handler.log_command:Invoking command in '/home/kalyani/ros2_arduino/build/UltrasonicData': CMAKE_PREFIX_PATH=${CMAKE_PREFIX_PATH}:/opt/ros/humble /usr/bin/cmake --install /home/kalyani/ros2_arduino/build/UltrasonicData
[1.018s] Level 1:colcon.colcon_core.environment:create_environment_scripts_only(UltrasonicData)
[1.019s] DEBUG:colcon.colcon_core.event_handler.log_command:Invoked command in '/home/kalyani/ros2_arduino/build/UltrasonicData' returned '0': CMAKE_PREFIX_PATH=${CMAKE_PREFIX_PATH}:/opt/ros/humble /usr/bin/cmake --install /home/kalyani/ros2_arduino/build/UltrasonicData
[1.052s] Level 1:colcon.colcon_core.environment:checking '/home/kalyani/ros2_arduino/install/UltrasonicData' for CMake module files
[1.055s] Level 1:colcon.colcon_core.environment:checking '/home/kalyani/ros2_arduino/install/UltrasonicData' for CMake config files
[1.056s] Level 1:colcon.colcon_core.shell:create_environment_hook('UltrasonicData', 'cmake_prefix_path')
[1.057s] INFO:colcon.colcon_core.shell:Creating environment hook '/home/kalyani/ros2_arduino/install/UltrasonicData/share/UltrasonicData/hook/cmake_prefix_path.ps1'
[1.060s] INFO:colcon.colcon_core.shell:Creating environment descriptor '/home/kalyani/ros2_arduino/install/UltrasonicData/share/UltrasonicData/hook/cmake_prefix_path.dsv'
[1.063s] INFO:colcon.colcon_core.shell:Creating environment hook '/home/kalyani/ros2_arduino/install/UltrasonicData/share/UltrasonicData/hook/cmake_prefix_path.sh'
[1.066s] Level 1:colcon.colcon_core.environment:checking '/home/kalyani/ros2_arduino/install/UltrasonicData/lib'
[1.066s] Level 1:colcon.colcon_core.environment:checking '/home/kalyani/ros2_arduino/install/UltrasonicData/bin'
[1.066s] Level 1:colcon.colcon_core.environment:checking '/home/kalyani/ros2_arduino/install/UltrasonicData/lib/pkgconfig/UltrasonicData.pc'
[1.067s] Level 1:colcon.colcon_core.environment:checking '/home/kalyani/ros2_arduino/install/UltrasonicData/lib/python3.10/site-packages'
[1.068s] Level 1:colcon.colcon_core.environment:checking '/home/kalyani/ros2_arduino/install/UltrasonicData/bin'
[1.069s] INFO:colcon.colcon_core.shell:Creating package script '/home/kalyani/ros2_arduino/install/UltrasonicData/share/UltrasonicData/package.ps1'
[1.072s] INFO:colcon.colcon_core.shell:Creating package descriptor '/home/kalyani/ros2_arduino/install/UltrasonicData/share/UltrasonicData/package.dsv'
[1.074s] INFO:colcon.colcon_core.shell:Creating package script '/home/kalyani/ros2_arduino/install/UltrasonicData/share/UltrasonicData/package.sh'
[1.077s] INFO:colcon.colcon_core.shell:Creating package script '/home/kalyani/ros2_arduino/install/UltrasonicData/share/UltrasonicData/package.bash'
[1.079s] INFO:colcon.colcon_core.shell:Creating package script '/home/kalyani/ros2_arduino/install/UltrasonicData/share/UltrasonicData/package.zsh'
[1.081s] Level 1:colcon.colcon_core.environment:create_file_with_runtime_dependencies(/home/kalyani/ros2_arduino/install/UltrasonicData/share/colcon-core/packages/UltrasonicData)
[1.113s] Level 1:colcon.colcon_core.environment:create_environment_scripts_only(UltrasonicData)
[1.113s] Level 1:colcon.colcon_core.environment:checking '/home/kalyani/ros2_arduino/install/UltrasonicData' for CMake module files
[1.114s] Level 1:colcon.colcon_core.environment:checking '/home/kalyani/ros2_arduino/install/UltrasonicData' for CMake config files
[1.114s] Level 1:colcon.colcon_core.shell:create_environment_hook('UltrasonicData', 'cmake_prefix_path')
[1.115s] INFO:colcon.colcon_core.shell:Creating environment hook '/home/kalyani/ros2_arduino/install/UltrasonicData/share/UltrasonicData/hook/cmake_prefix_path.ps1'
[1.115s] INFO:colcon.colcon_core.shell:Creating environment descriptor '/home/kalyani/ros2_arduino/install/UltrasonicData/share/UltrasonicData/hook/cmake_prefix_path.dsv'
[1.115s] INFO:colcon.colcon_core.shell:Creating environment hook '/home/kalyani/ros2_arduino/install/UltrasonicData/share/UltrasonicData/hook/cmake_prefix_path.sh'
[1.116s] Level 1:colcon.colcon_core.environment:checking '/home/kalyani/ros2_arduino/install/UltrasonicData/lib'
[1.116s] Level 1:colcon.colcon_core.environment:checking '/home/kalyani/ros2_arduino/install/UltrasonicData/bin'
[1.116s] Level 1:colcon.colcon_core.environment:checking '/home/kalyani/ros2_arduino/install/UltrasonicData/lib/pkgconfig/UltrasonicData.pc'
[1.116s] Level 1:colcon.colcon_core.environment:checking '/home/kalyani/ros2_arduino/install/UltrasonicData/lib/python3.10/site-packages'
[1.117s] Level 1:colcon.colcon_core.environment:checking '/home/kalyani/ros2_arduino/install/UltrasonicData/bin'
[1.117s] INFO:colcon.colcon_core.shell:Creating package script '/home/kalyani/ros2_arduino/install/UltrasonicData/share/UltrasonicData/package.ps1'
[1.117s] INFO:colcon.colcon_core.shell:Creating package descriptor '/home/kalyani/ros2_arduino/install/UltrasonicData/share/UltrasonicData/package.dsv'
[1.118s] INFO:colcon.colcon_core.shell:Creating package script '/home/kalyani/ros2_arduino/install/UltrasonicData/share/UltrasonicData/package.sh'
[1.118s] INFO:colcon.colcon_core.shell:Creating package script '/home/kalyani/ros2_arduino/install/UltrasonicData/share/UltrasonicData/package.bash'
[1.119s] INFO:colcon.colcon_core.shell:Creating package script '/home/kalyani/ros2_arduino/install/UltrasonicData/share/UltrasonicData/package.zsh'
[1.119s] Level 1:colcon.colcon_core.environment:create_file_with_runtime_dependencies(/home/kalyani/ros2_arduino/install/UltrasonicData/share/colcon-core/packages/UltrasonicData)
[1.119s] DEBUG:colcon.colcon_parallel_executor.executor.parallel:closing loop
[1.120s] DEBUG:colcon.colcon_parallel_executor.executor.parallel:loop closed
[1.120s] DEBUG:colcon.colcon_parallel_executor.executor.parallel:run_until_complete finished with '0'
[1.120s] DEBUG:colcon.colcon_core.event_reactor:joining thread
[1.127s] INFO:colcon.colcon_core.plugin_system:Skipping extension 'colcon_notification.desktop_notification.terminal_notifier': Not used on non-Darwin systems
[1.127s] INFO:colcon.colcon_core.plugin_system:Skipping extension 'colcon_notification.desktop_notification.win32': Not used on non-Windows systems
[1.127s] INFO:colcon.colcon_notification.desktop_notification:Sending desktop notification using 'notify2'
[1.149s] DEBUG:colcon.colcon_core.event_reactor:joined thread
[1.149s] INFO:colcon.colcon_core.shell:Creating prefix script '/home/kalyani/ros2_arduino/install/local_setup.ps1'
[1.151s] INFO:colcon.colcon_core.shell:Creating prefix util module '/home/kalyani/ros2_arduino/install/_local_setup_util_ps1.py'
[1.153s] INFO:colcon.colcon_core.shell:Creating prefix chain script '/home/kalyani/ros2_arduino/install/setup.ps1'
[1.156s] INFO:colcon.colcon_core.shell:Creating prefix script '/home/kalyani/ros2_arduino/install/local_setup.sh'
[1.157s] INFO:colcon.colcon_core.shell:Creating prefix util module '/home/kalyani/ros2_arduino/install/_local_setup_util_sh.py'
[1.158s] INFO:colcon.colcon_core.shell:Creating prefix chain script '/home/kalyani/ros2_arduino/install/setup.sh'
[1.159s] INFO:colcon.colcon_core.shell:Creating prefix script '/home/kalyani/ros2_arduino/install/local_setup.bash'
[1.160s] INFO:colcon.colcon_core.shell:Creating prefix chain script '/home/kalyani/ros2_arduino/install/setup.bash'
[1.162s] INFO:colcon.colcon_core.shell:Creating prefix script '/home/kalyani/ros2_arduino/install/local_setup.zsh'
[1.163s] INFO:colcon.colcon_core.shell:Creating prefix chain script '/home/kalyani/ros2_arduino/install/setup.zsh'
